\BOOKMARK [0][-]{chapter.1}{\376\377\000I\000n\000s\000t\000a\000l\000l\000a\000t\000i\000o\000n}{}% 1
\BOOKMARK [0][-]{chapter.2}{\376\377\000T\000u\000t\000o\000r\000i\000a\000l}{}% 2
\BOOKMARK [0][-]{chapter.3}{\376\377\000H\000o\000w\000\040\000T\000o\000\040\000G\000u\000i\000d\000e\000s}{}% 3
\BOOKMARK [0][-]{chapter.4}{\376\377\000A\000P\000I}{}% 4
\BOOKMARK [1][-]{section.4.1}{\376\377\000C\000r\000e\000a\000t\000e\000\040\000O\000p\000h\000y\000d\000\040\000D\000e\000v\000i\000c\000e\000s\000\040\000f\000r\000o\000m\000\040\000r\000m\000l\000\040\000f\000i\000l\000e}{chapter.4}% 5
\BOOKMARK [2][-]{subsection.4.1.1}{\376\377\000R\000a\000y\000p\000y\000n\000g\000O\000p\000h\000y\000d\000D\000e\000v\000i\000c\000e\000s}{section.4.1}% 6
\BOOKMARK [2][-]{subsection.4.1.2}{\376\377\000R\000a\000y\000p\000y\000n\000g\000D\000i\000c\000t\000i\000o\000n\000a\000r\000y}{section.4.1}% 7
\BOOKMARK [1][-]{section.4.2}{\376\377\000O\000p\000h\000y\000d\000\040\000S\000i\000g\000n\000a\000l\000s}{chapter.4}% 8
\BOOKMARK [2][-]{subsection.4.2.1}{\376\377\000R\000a\000y\000P\000y\000S\000i\000g\000n\000a\000l}{section.4.2}% 9
\BOOKMARK [2][-]{subsection.4.2.2}{\376\377\000R\000a\000y\000P\000y\000S\000i\000g\000n\000a\000l\000R\000O}{section.4.2}% 10
\BOOKMARK [1][-]{section.4.3}{\376\377\000O\000p\000h\000y\000d\000\040\000D\000e\000v\000i\000c\000e\000s}{chapter.4}% 11
\BOOKMARK [2][-]{subsection.4.3.1}{\376\377\000A\000x\000e\000s}{section.4.3}% 12
\BOOKMARK [2][-]{subsection.4.3.2}{\376\377\000S\000i\000m\000u\000l\000a\000t\000e\000d\000A\000x\000i\000s\000S\000o\000u\000r\000c\000e}{section.4.3}% 13
\BOOKMARK [2][-]{subsection.4.3.3}{\376\377\000S\000i\000m\000u\000l\000a\000t\000e\000d\000A\000x\000i\000s\000A\000p\000e\000r\000t\000u\000r\000e}{section.4.3}% 14
\BOOKMARK [2][-]{subsection.4.3.4}{\376\377\000S\000i\000m\000u\000l\000a\000t\000e\000d\000A\000x\000i\000s\000G\000r\000a\000t\000i\000n\000g}{section.4.3}% 15
\BOOKMARK [1][-]{section.4.4}{\376\377\000O\000p\000h\000y\000d\000\040\000D\000e\000t\000e\000c\000t\000o\000r\000s}{chapter.4}% 16
\BOOKMARK [2][-]{subsection.4.4.1}{\376\377\000D\000e\000t\000e\000c\000t\000o\000r}{section.4.4}% 17
\BOOKMARK [2][-]{subsection.4.4.2}{\376\377\000T\000r\000i\000g\000g\000e\000r\000\040\000D\000e\000t\000e\000c\000t\000o\000r}{section.4.4}% 18
\BOOKMARK [1][-]{section.4.5}{\376\377\000O\000p\000h\000y\000d\000\040\000D\000e\000v\000i\000c\000e\000s}{chapter.4}% 19
\BOOKMARK [2][-]{subsection.4.5.1}{\376\377\000M\000i\000s\000a\000l\000i\000g\000n\000C\000o\000m\000p\000o\000n\000e\000n\000t\000s}{section.4.5}% 20
\BOOKMARK [2][-]{subsection.4.5.2}{\376\377\000S\000i\000m\000u\000l\000a\000t\000e\000d\000P\000G\000M}{section.4.5}% 21
\BOOKMARK [2][-]{subsection.4.5.3}{\376\377\000S\000i\000m\000u\000l\000a\000t\000e\000d\000A\000p\000e\000r\000t\000u\000r\000e\000s}{section.4.5}% 22
\BOOKMARK [2][-]{subsection.4.5.4}{\376\377\000S\000i\000m\000u\000l\000a\000t\000e\000d\000M\000i\000r\000r\000o\000r}{section.4.5}% 23
\BOOKMARK [2][-]{subsection.4.5.5}{\376\377\000S\000i\000m\000u\000l\000a\000t\000e\000d\000S\000o\000u\000r\000c\000e}{section.4.5}% 24
\BOOKMARK [1][-]{section.4.6}{\376\377\000P\000r\000e\000p\000r\000o\000c\000e\000s\000s\000o\000r}{chapter.4}% 25
\BOOKMARK [2][-]{subsection.4.6.1}{\376\377\000M\000i\000s\000a\000l\000i\000g\000n\000C\000o\000m\000p\000o\000n\000e\000n\000t\000s}{section.4.6}% 26
\BOOKMARK [2][-]{subsection.4.6.2}{\376\377\000S\000u\000p\000p\000l\000e\000m\000e\000n\000t\000a\000l\000D\000a\000t\000a\000R\000a\000y\000p\000y\000n\000g}{section.4.6}% 27
\BOOKMARK [0][-]{section*.41}{\376\377\000I\000n\000d\000e\000x}{}% 28
